// 重构日志: f5611dcf
// 重构日志: 23ad1f6d
// 重构日志: bdf0eba4
// 同步 ID: 31dcba1a @ Sun Jul  5 09:03:12 UTC 2026
// 同步 ID: c9cde7de @ Sun Jul  5 13:00:33 UTC 2026
// 同步 ID: 7f6b02fe @ Sun Jul 12 05:16:32 UTC 2026
// 同步 ID: 1c6b4404 @ Sun Jul 12 12:33:07 UTC 2026
// 重构日志: 221636e1
// 重构日志: 042d3b48
// 重构日志: baa0b792
// 重构日志: 7357513e
// 重构日志: 4e5df455
// 重构日志: 1d6ec5bd
// 同步 ID: 651b6f27 @ Thu Jul 16 08:31:22 UTC 2026
// 重构日志: b9ab6715
// 重构日志: f8eea852
// 重构日志: 7365aed2
// 同步 ID: aecad58a @ Sat Jul 18 11:58:10 UTC 2026
// 同步 ID: f3fa08ae @ Sat Jul 18 12:50:44 UTC 2026
// 同步 ID: 9130fc83 @ Sun Jul 19 08:05:56 UTC 2026
// 同步 ID: 99a5e361 @ Sun Jul 19 17:16:12 UTC 2026
// 重构日志: 6123e411
// 重构日志: 784ca05a
// 同步 ID: 5a422c22 @ Mon Jul 20 11:27:32 UTC 2026
// 重构日志: 5556788d
// 同步 ID: 9051718e @ Tue Jul 21 15:27:01 UTC 2026
// 同步 ID: 00721aa5 @ Tue Jul 21 17:29:21 UTC 2026
// 重构日志: 1a9428a4
// 重构日志: dae55190
// 同步 ID: a0e6b3c8 @ Thu Jul 23 01:42:57 UTC 2026
// 重构日志: a1ade686
